2018-07-24 13:08:41 trace :
------------
String:
<xml><ToUserName><![CDATA[gh_87d3aa6f8800]]></ToUserName>
<FromUserName><![CDATA[o_9en1YLqWZOcuENsdyYgk8HGc-o]]></FromUserName>
<CreateTime>1532408920</CreateTime>
<MsgType><![CDATA[event]]></MsgType>
<Event><![CDATA[VIEW]]></Event>
<EventKey><![CDATA[https://jsd.gogcun.cn/app/index.php?i=2&c=entry&m=weisrc_dish&do=adminorder]]></EventKey>
<MenuId>438700600</MenuId>
</xml>

2018-07-24 13:08:41 params :
------------
String:
array (
  'rule' => -2,
  'module' => '',
  'message' => 
  array (
    'tousername' => 'gh_87d3aa6f8800',
    'fromusername' => 'o_9en1YLqWZOcuENsdyYgk8HGc-o',
    'createtime' => '1532408920',
    'msgtype' => 'event',
    'event' => 'VIEW',
    'eventkey' => 'https://jsd.gogcun.cn/app/index.php?i=2&c=entry&m=weisrc_dish&do=adminorder',
    'menuid' => '438700600',
    'from' => 'o_9en1YLqWZOcuENsdyYgk8HGc-o',
    'to' => 'gh_87d3aa6f8800',
    'time' => '1532408920',
    'type' => 'text',
    'content' => 'https://jsd.gogcun.cn/app/index.php?i=2&c=entry&m=weisrc_dish&do=adminorder',
    'redirection' => true,
    'source' => 'VIEW',
  ),
)

2018-07-24 13:08:41 response :
------------

