2018-07-27 16:07:07 trace :
------------
String:
<xml><ToUserName><![CDATA[gh_87d3aa6f8800]]></ToUserName>
<FromUserName><![CDATA[o_9en1YCyaelkLUnMysV8fWVZPXM]]></FromUserName>
<CreateTime>1532678827</CreateTime>
<MsgType><![CDATA[event]]></MsgType>
<Event><![CDATA[subscribe]]></Event>
<EventKey><![CDATA[]]></EventKey>
</xml>

2018-07-27 16:07:07 params :
------------
String:
array (
  'rule' => -2,
  'module' => '',
  'message' => 
  array (
    'tousername' => 'gh_87d3aa6f8800',
    'fromusername' => 'o_9en1YCyaelkLUnMysV8fWVZPXM',
    'createtime' => '1532678827',
    'msgtype' => 'event',
    'event' => 'subscribe',
    'eventkey' => '',
    'from' => 'o_9en1YCyaelkLUnMysV8fWVZPXM',
    'to' => 'gh_87d3aa6f8800',
    'time' => '1532678827',
    'type' => 'text',
    'redirection' => true,
    'source' => 'subscribe',
  ),
)

2018-07-27 16:07:07 response :
------------

2018-07-27 18:33:37 trace :
------------
String:
<xml><ToUserName><![CDATA[gh_87d3aa6f8800]]></ToUserName>
<FromUserName><![CDATA[o_9en1YblehMu64n_oGQpIOAOV6s]]></FromUserName>
<CreateTime>1532687617</CreateTime>
<MsgType><![CDATA[event]]></MsgType>
<Event><![CDATA[VIEW]]></Event>
<EventKey><![CDATA[https://jsd.gogcun.cn/app/index.php?i=2&c=entry&m=weisrc_dish&do=index]]></EventKey>
<MenuId>438700600</MenuId>
</xml>

2018-07-27 18:33:37 params :
------------
String:
array (
  'rule' => -2,
  'module' => '',
  'message' => 
  array (
    'tousername' => 'gh_87d3aa6f8800',
    'fromusername' => 'o_9en1YblehMu64n_oGQpIOAOV6s',
    'createtime' => '1532687617',
    'msgtype' => 'event',
    'event' => 'VIEW',
    'eventkey' => 'https://jsd.gogcun.cn/app/index.php?i=2&c=entry&m=weisrc_dish&do=index',
    'menuid' => '438700600',
    'from' => 'o_9en1YblehMu64n_oGQpIOAOV6s',
    'to' => 'gh_87d3aa6f8800',
    'time' => '1532687617',
    'type' => 'text',
    'content' => 'https://jsd.gogcun.cn/app/index.php?i=2&c=entry&m=weisrc_dish&do=index',
    'redirection' => true,
    'source' => 'VIEW',
  ),
)

2018-07-27 18:33:37 response :
------------

