2018-07-19 09:16:07 trace :
------------
String:
<xml><ToUserName><![CDATA[gh_87d3aa6f8800]]></ToUserName>
<FromUserName><![CDATA[o_9en1WHtMOeM_AA32AK-PePmwcc]]></FromUserName>
<CreateTime>1531962967</CreateTime>
<MsgType><![CDATA[event]]></MsgType>
<Event><![CDATA[VIEW]]></Event>
<EventKey><![CDATA[https://jsd.gogcun.cn/app/index.php?i=2&c=entry&m=weisrc_dish&do=index]]></EventKey>
<MenuId>438700600</MenuId>
</xml>

2018-07-19 09:16:07 params :
------------
String:
array (
  'rule' => -2,
  'module' => '',
  'message' => 
  array (
    'tousername' => 'gh_87d3aa6f8800',
    'fromusername' => 'o_9en1WHtMOeM_AA32AK-PePmwcc',
    'createtime' => '1531962967',
    'msgtype' => 'event',
    'event' => 'VIEW',
    'eventkey' => 'https://jsd.gogcun.cn/app/index.php?i=2&c=entry&m=weisrc_dish&do=index',
    'menuid' => '438700600',
    'from' => 'o_9en1WHtMOeM_AA32AK-PePmwcc',
    'to' => 'gh_87d3aa6f8800',
    'time' => '1531962967',
    'type' => 'text',
    'content' => 'https://jsd.gogcun.cn/app/index.php?i=2&c=entry&m=weisrc_dish&do=index',
    'redirection' => true,
    'source' => 'VIEW',
  ),
)

2018-07-19 09:16:07 response :
------------

2018-07-19 09:23:39 trace :
------------
String:
<xml><ToUserName><![CDATA[gh_87d3aa6f8800]]></ToUserName>
<FromUserName><![CDATA[o_9en1WHtMOeM_AA32AK-PePmwcc]]></FromUserName>
<CreateTime>1531963419</CreateTime>
<MsgType><![CDATA[event]]></MsgType>
<Event><![CDATA[VIEW]]></Event>
<EventKey><![CDATA[https://jsd.gogcun.cn/app/index.php?i=2&c=entry&m=weisrc_dish&do=index]]></EventKey>
<MenuId>438700600</MenuId>
</xml>

2018-07-19 09:23:39 params :
------------
String:
array (
  'rule' => -2,
  'module' => '',
  'message' => 
  array (
    'tousername' => 'gh_87d3aa6f8800',
    'fromusername' => 'o_9en1WHtMOeM_AA32AK-PePmwcc',
    'createtime' => '1531963419',
    'msgtype' => 'event',
    'event' => 'VIEW',
    'eventkey' => 'https://jsd.gogcun.cn/app/index.php?i=2&c=entry&m=weisrc_dish&do=index',
    'menuid' => '438700600',
    'from' => 'o_9en1WHtMOeM_AA32AK-PePmwcc',
    'to' => 'gh_87d3aa6f8800',
    'time' => '1531963419',
    'type' => 'text',
    'content' => 'https://jsd.gogcun.cn/app/index.php?i=2&c=entry&m=weisrc_dish&do=index',
    'redirection' => true,
    'source' => 'VIEW',
  ),
)

2018-07-19 09:23:39 response :
------------

2018-07-19 09:25:11 trace :
------------
String:
<xml><ToUserName><![CDATA[gh_87d3aa6f8800]]></ToUserName>
<FromUserName><![CDATA[o_9en1WHtMOeM_AA32AK-PePmwcc]]></FromUserName>
<CreateTime>1531963511</CreateTime>
<MsgType><![CDATA[event]]></MsgType>
<Event><![CDATA[VIEW]]></Event>
<EventKey><![CDATA[https://jsd.gogcun.cn/app/index.php?i=2&c=entry&m=weisrc_dish&do=index]]></EventKey>
<MenuId>438700600</MenuId>
</xml>

2018-07-19 09:25:11 params :
------------
String:
array (
  'rule' => -2,
  'module' => '',
  'message' => 
  array (
    'tousername' => 'gh_87d3aa6f8800',
    'fromusername' => 'o_9en1WHtMOeM_AA32AK-PePmwcc',
    'createtime' => '1531963511',
    'msgtype' => 'event',
    'event' => 'VIEW',
    'eventkey' => 'https://jsd.gogcun.cn/app/index.php?i=2&c=entry&m=weisrc_dish&do=index',
    'menuid' => '438700600',
    'from' => 'o_9en1WHtMOeM_AA32AK-PePmwcc',
    'to' => 'gh_87d3aa6f8800',
    'time' => '1531963511',
    'type' => 'text',
    'content' => 'https://jsd.gogcun.cn/app/index.php?i=2&c=entry&m=weisrc_dish&do=index',
    'redirection' => true,
    'source' => 'VIEW',
  ),
)

2018-07-19 09:25:11 response :
------------

2018-07-19 09:25:44 trace :
------------
String:
<xml><ToUserName><![CDATA[gh_87d3aa6f8800]]></ToUserName>
<FromUserName><![CDATA[o_9en1WHtMOeM_AA32AK-PePmwcc]]></FromUserName>
<CreateTime>1531963544</CreateTime>
<MsgType><![CDATA[event]]></MsgType>
<Event><![CDATA[VIEW]]></Event>
<EventKey><![CDATA[https://jsd.gogcun.cn/app/index.php?i=2&c=entry&m=weisrc_dish&do=index]]></EventKey>
<MenuId>438700600</MenuId>
</xml>

2018-07-19 09:25:44 params :
------------
String:
array (
  'rule' => -2,
  'module' => '',
  'message' => 
  array (
    'tousername' => 'gh_87d3aa6f8800',
    'fromusername' => 'o_9en1WHtMOeM_AA32AK-PePmwcc',
    'createtime' => '1531963544',
    'msgtype' => 'event',
    'event' => 'VIEW',
    'eventkey' => 'https://jsd.gogcun.cn/app/index.php?i=2&c=entry&m=weisrc_dish&do=index',
    'menuid' => '438700600',
    'from' => 'o_9en1WHtMOeM_AA32AK-PePmwcc',
    'to' => 'gh_87d3aa6f8800',
    'time' => '1531963544',
    'type' => 'text',
    'content' => 'https://jsd.gogcun.cn/app/index.php?i=2&c=entry&m=weisrc_dish&do=index',
    'redirection' => true,
    'source' => 'VIEW',
  ),
)

2018-07-19 09:25:44 response :
------------

2018-07-19 09:26:34 trace :
------------
String:
<xml><ToUserName><![CDATA[gh_87d3aa6f8800]]></ToUserName>
<FromUserName><![CDATA[o_9en1WHtMOeM_AA32AK-PePmwcc]]></FromUserName>
<CreateTime>1531963594</CreateTime>
<MsgType><![CDATA[event]]></MsgType>
<Event><![CDATA[VIEW]]></Event>
<EventKey><![CDATA[https://jsd.gogcun.cn/app/index.php?i=2&c=entry&m=weisrc_dish&do=index]]></EventKey>
<MenuId>438700600</MenuId>
</xml>

2018-07-19 09:26:34 params :
------------
String:
array (
  'rule' => -2,
  'module' => '',
  'message' => 
  array (
    'tousername' => 'gh_87d3aa6f8800',
    'fromusername' => 'o_9en1WHtMOeM_AA32AK-PePmwcc',
    'createtime' => '1531963594',
    'msgtype' => 'event',
    'event' => 'VIEW',
    'eventkey' => 'https://jsd.gogcun.cn/app/index.php?i=2&c=entry&m=weisrc_dish&do=index',
    'menuid' => '438700600',
    'from' => 'o_9en1WHtMOeM_AA32AK-PePmwcc',
    'to' => 'gh_87d3aa6f8800',
    'time' => '1531963594',
    'type' => 'text',
    'content' => 'https://jsd.gogcun.cn/app/index.php?i=2&c=entry&m=weisrc_dish&do=index',
    'redirection' => true,
    'source' => 'VIEW',
  ),
)

2018-07-19 09:26:34 response :
------------

2018-07-19 10:55:34 trace :
------------
String:
<xml><ToUserName><![CDATA[gh_87d3aa6f8800]]></ToUserName>
<FromUserName><![CDATA[o_9en1WHtMOeM_AA32AK-PePmwcc]]></FromUserName>
<CreateTime>1531968934</CreateTime>
<MsgType><![CDATA[event]]></MsgType>
<Event><![CDATA[VIEW]]></Event>
<EventKey><![CDATA[https://jsd.gogcun.cn/app/index.php?i=2&c=entry&m=weisrc_dish&do=index]]></EventKey>
<MenuId>438700600</MenuId>
</xml>

2018-07-19 10:55:34 params :
------------
String:
array (
  'rule' => -2,
  'module' => '',
  'message' => 
  array (
    'tousername' => 'gh_87d3aa6f8800',
    'fromusername' => 'o_9en1WHtMOeM_AA32AK-PePmwcc',
    'createtime' => '1531968934',
    'msgtype' => 'event',
    'event' => 'VIEW',
    'eventkey' => 'https://jsd.gogcun.cn/app/index.php?i=2&c=entry&m=weisrc_dish&do=index',
    'menuid' => '438700600',
    'from' => 'o_9en1WHtMOeM_AA32AK-PePmwcc',
    'to' => 'gh_87d3aa6f8800',
    'time' => '1531968934',
    'type' => 'text',
    'content' => 'https://jsd.gogcun.cn/app/index.php?i=2&c=entry&m=weisrc_dish&do=index',
    'redirection' => true,
    'source' => 'VIEW',
  ),
)

2018-07-19 10:55:34 response :
------------

2018-07-19 11:44:51 trace :
------------
String:
<xml><ToUserName><![CDATA[gh_87d3aa6f8800]]></ToUserName>
<FromUserName><![CDATA[o_9en1WHtMOeM_AA32AK-PePmwcc]]></FromUserName>
<CreateTime>1531971891</CreateTime>
<MsgType><![CDATA[event]]></MsgType>
<Event><![CDATA[VIEW]]></Event>
<EventKey><![CDATA[https://jsd.gogcun.cn/app/index.php?i=2&c=entry&m=weisrc_dish&do=index]]></EventKey>
<MenuId>438700600</MenuId>
</xml>

2018-07-19 11:44:51 params :
------------
String:
array (
  'rule' => -2,
  'module' => '',
  'message' => 
  array (
    'tousername' => 'gh_87d3aa6f8800',
    'fromusername' => 'o_9en1WHtMOeM_AA32AK-PePmwcc',
    'createtime' => '1531971891',
    'msgtype' => 'event',
    'event' => 'VIEW',
    'eventkey' => 'https://jsd.gogcun.cn/app/index.php?i=2&c=entry&m=weisrc_dish&do=index',
    'menuid' => '438700600',
    'from' => 'o_9en1WHtMOeM_AA32AK-PePmwcc',
    'to' => 'gh_87d3aa6f8800',
    'time' => '1531971891',
    'type' => 'text',
    'content' => 'https://jsd.gogcun.cn/app/index.php?i=2&c=entry&m=weisrc_dish&do=index',
    'redirection' => true,
    'source' => 'VIEW',
  ),
)

2018-07-19 11:44:51 response :
------------

2018-07-19 17:10:07 trace :
------------
String:
<xml><ToUserName><![CDATA[gh_87d3aa6f8800]]></ToUserName>
<FromUserName><![CDATA[o_9en1WHtMOeM_AA32AK-PePmwcc]]></FromUserName>
<CreateTime>1531991407</CreateTime>
<MsgType><![CDATA[event]]></MsgType>
<Event><![CDATA[VIEW]]></Event>
<EventKey><![CDATA[https://jsd.gogcun.cn/app/index.php?i=2&c=entry&m=weisrc_dish&do=index]]></EventKey>
<MenuId>438700600</MenuId>
</xml>

2018-07-19 17:10:07 params :
------------
String:
array (
  'rule' => -2,
  'module' => '',
  'message' => 
  array (
    'tousername' => 'gh_87d3aa6f8800',
    'fromusername' => 'o_9en1WHtMOeM_AA32AK-PePmwcc',
    'createtime' => '1531991407',
    'msgtype' => 'event',
    'event' => 'VIEW',
    'eventkey' => 'https://jsd.gogcun.cn/app/index.php?i=2&c=entry&m=weisrc_dish&do=index',
    'menuid' => '438700600',
    'from' => 'o_9en1WHtMOeM_AA32AK-PePmwcc',
    'to' => 'gh_87d3aa6f8800',
    'time' => '1531991407',
    'type' => 'text',
    'content' => 'https://jsd.gogcun.cn/app/index.php?i=2&c=entry&m=weisrc_dish&do=index',
    'redirection' => true,
    'source' => 'VIEW',
  ),
)

2018-07-19 17:10:07 response :
------------

