2018-08-01 10:12:46 trace :
------------
String:
<xml><ToUserName><![CDATA[gh_87d3aa6f8800]]></ToUserName>
<FromUserName><![CDATA[o_9en1YLqWZOcuENsdyYgk8HGc-o]]></FromUserName>
<CreateTime>1533089566</CreateTime>
<MsgType><![CDATA[event]]></MsgType>
<Event><![CDATA[VIEW]]></Event>
<EventKey><![CDATA[https://jsd.gogcun.cn/app/index.php?i=2&c=entry&m=weisrc_dish&do=adminorder]]></EventKey>
<MenuId>438700600</MenuId>
</xml>

2018-08-01 10:12:46 params :
------------
String:
array (
  'rule' => -2,
  'module' => '',
  'message' => 
  array (
    'tousername' => 'gh_87d3aa6f8800',
    'fromusername' => 'o_9en1YLqWZOcuENsdyYgk8HGc-o',
    'createtime' => '1533089566',
    'msgtype' => 'event',
    'event' => 'VIEW',
    'eventkey' => 'https://jsd.gogcun.cn/app/index.php?i=2&c=entry&m=weisrc_dish&do=adminorder',
    'menuid' => '438700600',
    'from' => 'o_9en1YLqWZOcuENsdyYgk8HGc-o',
    'to' => 'gh_87d3aa6f8800',
    'time' => '1533089566',
    'type' => 'text',
    'content' => 'https://jsd.gogcun.cn/app/index.php?i=2&c=entry&m=weisrc_dish&do=adminorder',
    'redirection' => true,
    'source' => 'VIEW',
  ),
)

2018-08-01 10:12:46 response :
------------

2018-08-01 10:12:55 trace :
------------
String:
<xml><ToUserName><![CDATA[gh_87d3aa6f8800]]></ToUserName>
<FromUserName><![CDATA[o_9en1YLqWZOcuENsdyYgk8HGc-o]]></FromUserName>
<CreateTime>1533089574</CreateTime>
<MsgType><![CDATA[event]]></MsgType>
<Event><![CDATA[VIEW]]></Event>
<EventKey><![CDATA[https://jsd.gogcun.cn/app/index.php?i=2&c=entry&m=weisrc_dish&do=index]]></EventKey>
<MenuId>438700600</MenuId>
</xml>

2018-08-01 10:12:55 params :
------------
String:
array (
  'rule' => -2,
  'module' => '',
  'message' => 
  array (
    'tousername' => 'gh_87d3aa6f8800',
    'fromusername' => 'o_9en1YLqWZOcuENsdyYgk8HGc-o',
    'createtime' => '1533089574',
    'msgtype' => 'event',
    'event' => 'VIEW',
    'eventkey' => 'https://jsd.gogcun.cn/app/index.php?i=2&c=entry&m=weisrc_dish&do=index',
    'menuid' => '438700600',
    'from' => 'o_9en1YLqWZOcuENsdyYgk8HGc-o',
    'to' => 'gh_87d3aa6f8800',
    'time' => '1533089574',
    'type' => 'text',
    'content' => 'https://jsd.gogcun.cn/app/index.php?i=2&c=entry&m=weisrc_dish&do=index',
    'redirection' => true,
    'source' => 'VIEW',
  ),
)

2018-08-01 10:12:55 response :
------------

2018-08-01 14:40:05 trace :
------------
String:
<xml><ToUserName><![CDATA[gh_87d3aa6f8800]]></ToUserName>
<FromUserName><![CDATA[o_9en1WHtMOeM_AA32AK-PePmwcc]]></FromUserName>
<CreateTime>1533105604</CreateTime>
<MsgType><![CDATA[event]]></MsgType>
<Event><![CDATA[VIEW]]></Event>
<EventKey><![CDATA[https://jsd.gogcun.cn/app/index.php?i=2&c=entry&m=weisrc_dish&do=index]]></EventKey>
<MenuId>438700600</MenuId>
</xml>

2018-08-01 14:40:05 params :
------------
String:
array (
  'rule' => -2,
  'module' => '',
  'message' => 
  array (
    'tousername' => 'gh_87d3aa6f8800',
    'fromusername' => 'o_9en1WHtMOeM_AA32AK-PePmwcc',
    'createtime' => '1533105604',
    'msgtype' => 'event',
    'event' => 'VIEW',
    'eventkey' => 'https://jsd.gogcun.cn/app/index.php?i=2&c=entry&m=weisrc_dish&do=index',
    'menuid' => '438700600',
    'from' => 'o_9en1WHtMOeM_AA32AK-PePmwcc',
    'to' => 'gh_87d3aa6f8800',
    'time' => '1533105604',
    'type' => 'text',
    'content' => 'https://jsd.gogcun.cn/app/index.php?i=2&c=entry&m=weisrc_dish&do=index',
    'redirection' => true,
    'source' => 'VIEW',
  ),
)

2018-08-01 14:40:05 response :
------------

2018-08-01 15:09:58 trace :
------------
String:
<xml><ToUserName><![CDATA[gh_87d3aa6f8800]]></ToUserName>
<FromUserName><![CDATA[o_9en1WHtMOeM_AA32AK-PePmwcc]]></FromUserName>
<CreateTime>1533107398</CreateTime>
<MsgType><![CDATA[event]]></MsgType>
<Event><![CDATA[VIEW]]></Event>
<EventKey><![CDATA[https://jsd.gogcun.cn/app/index.php?i=2&c=entry&m=weisrc_dish&do=index]]></EventKey>
<MenuId>438700600</MenuId>
</xml>

2018-08-01 15:09:58 params :
------------
String:
array (
  'rule' => -2,
  'module' => '',
  'message' => 
  array (
    'tousername' => 'gh_87d3aa6f8800',
    'fromusername' => 'o_9en1WHtMOeM_AA32AK-PePmwcc',
    'createtime' => '1533107398',
    'msgtype' => 'event',
    'event' => 'VIEW',
    'eventkey' => 'https://jsd.gogcun.cn/app/index.php?i=2&c=entry&m=weisrc_dish&do=index',
    'menuid' => '438700600',
    'from' => 'o_9en1WHtMOeM_AA32AK-PePmwcc',
    'to' => 'gh_87d3aa6f8800',
    'time' => '1533107398',
    'type' => 'text',
    'content' => 'https://jsd.gogcun.cn/app/index.php?i=2&c=entry&m=weisrc_dish&do=index',
    'redirection' => true,
    'source' => 'VIEW',
  ),
)

2018-08-01 15:09:58 response :
------------

