array (
  'weid' => NULL,
  'uniacid' => '8',
  'acid' => '8',
  'result' => 'success',
  'type' => 'wechat',
  'from' => 'notify',
  'tid' => '8',
  'uniontid' => '2018042009285400001745686846',
  'transaction_id' => NULL,
  'trade_type' => 'JSAPI',
  'follow' => 1,
  'user' => 'o_9en1YblehMu64n_oGQpIOAOV6s',
  'fee' => '0.08',
  'tag' => 
  array (
    'acid' => '8',
    'uid' => '191',
    'transaction_id' => '4200000080201804201957648265',
  ),
  'is_usecard' => '0',
  'card_type' => '0',
  'card_fee' => '0.08',
  'card_id' => '0',
  'paytime' => 1524187754,
)
array (
  'weid' => NULL,
  'uniacid' => '8',
  'acid' => '8',
  'result' => 'success',
  'type' => 'wechat',
  'from' => 'notify',
  'tid' => '13',
  'uniontid' => '2018042010103200001766844688',
  'transaction_id' => NULL,
  'trade_type' => 'JSAPI',
  'follow' => 1,
  'user' => 'o_9en1YblehMu64n_oGQpIOAOV6s',
  'fee' => '0.03',
  'tag' => 
  array (
    'acid' => '8',
    'uid' => '191',
    'transaction_id' => '4200000058201804202135444005',
  ),
  'is_usecard' => '0',
  'card_type' => '0',
  'card_fee' => '0.03',
  'card_id' => '0',
  'paytime' => 1524190241,
)
array (
  'result' => 'success',
  'type' => 'credit',
  'from' => 'notify',
  'tid' => '14',
  'user' => '4',
  'fee' => '1.00',
  'weid' => NULL,
  'uniacid' => '3',
  'acid' => '3',
  'is_usecard' => '0',
  'card_type' => '0',
  'card_fee' => '1.00',
  'card_id' => '0',
)
array (
  'result' => 'success',
  'type' => 'credit',
  'from' => 'notify',
  'tid' => '20',
  'user' => '182',
  'fee' => '0.00',
  'weid' => NULL,
  'uniacid' => '3',
  'acid' => '3',
  'is_usecard' => '0',
  'card_type' => '0',
  'card_fee' => '0.00',
  'card_id' => '0',
)
array (
  'weid' => NULL,
  'uniacid' => '3',
  'acid' => '3',
  'result' => 'success',
  'type' => 'wechat',
  'from' => 'notify',
  'tid' => '18',
  'uniontid' => '2018050216311400001756891062',
  'transaction_id' => NULL,
  'trade_type' => 'JSAPI',
  'follow' => 1,
  'user' => 'o5TyB0-SA_QAtdMBsc4rPaMa0Mto',
  'fee' => '1.00',
  'tag' => 
  array (
    'acid' => '3',
    'uid' => '182',
    'transaction_id' => '4200000147201805020336299976',
  ),
  'is_usecard' => '0',
  'card_type' => '0',
  'card_fee' => '1.00',
  'card_id' => '0',
  'paytime' => 1525251426,
)
array (
  'weid' => NULL,
  'uniacid' => '3',
  'acid' => '3',
  'result' => 'success',
  'type' => 'wechat',
  'from' => 'notify',
  'tid' => '17',
  'uniontid' => '2018050216284000001782018022',
  'transaction_id' => NULL,
  'trade_type' => 'JSAPI',
  'follow' => 1,
  'user' => 'o5TyB0-SA_QAtdMBsc4rPaMa0Mto',
  'fee' => '1.00',
  'tag' => 
  array (
    'acid' => '3',
    'uid' => '182',
    'transaction_id' => '4200000157201805021128444138',
  ),
  'is_usecard' => '0',
  'card_type' => '0',
  'card_fee' => '1.00',
  'card_id' => '0',
  'paytime' => 1525251724,
)
array (
  'weid' => NULL,
  'uniacid' => '3',
  'acid' => '3',
  'result' => 'success',
  'type' => 'wechat',
  'from' => 'notify',
  'tid' => '21',
  'uniontid' => '2018050217311100001728229498',
  'transaction_id' => NULL,
  'trade_type' => 'JSAPI',
  'follow' => 1,
  'user' => 'o5TyB0-SA_QAtdMBsc4rPaMa0Mto',
  'fee' => '1.00',
  'tag' => 
  array (
    'acid' => '3',
    'uid' => '182',
    'transaction_id' => '4200000142201805021070889235',
  ),
  'is_usecard' => '0',
  'card_type' => '0',
  'card_fee' => '1.00',
  'card_id' => '0',
  'paytime' => 1525253480,
)
array (
  'weid' => NULL,
  'uniacid' => '3',
  'acid' => '3',
  'result' => 'success',
  'type' => 'wechat',
  'from' => 'notify',
  'tid' => '23',
  'uniontid' => '2018050217450100001786122587',
  'transaction_id' => NULL,
  'trade_type' => 'JSAPI',
  'follow' => 1,
  'user' => 'o5TyB0-SA_QAtdMBsc4rPaMa0Mto',
  'fee' => '1.00',
  'tag' => 
  array (
    'acid' => '3',
    'uid' => '182',
    'transaction_id' => '4200000152201805021025295005',
  ),
  'is_usecard' => '0',
  'card_type' => '0',
  'card_fee' => '1.00',
  'card_id' => '0',
  'paytime' => 1525254307,
)
